[   20342ms] [ERROR] Access to fetch at 'https://www.gutenberg.org/cache/epub/11/pg11.txt' from origin 'http://localhost:8083' has been blocked by CORS policy: No 'Access-Control-Allow-Origin' header is present on the requested resource. @ http://localhost:8083/:0
[   20343ms] [ERROR] Failed to load resource: net::ERR_FAILED @ https://www.gutenberg.org/cache/epub/11/pg11.txt:0
[   20343ms] [WARNING] Failed to load free book TypeError: Failed to fetch
    at handleFreeBook (http://localhost:8083/node_modules/expo-router/entry.bundle?platform=web&dev=true&hot=false&lazy=true&transform.engine=hermes&transform.routerRoot=app&unstable_transformProfile=hermes-stable:95300:32)
    at onPress (http://localhost:8083/node_modules/expo-router/entry.bundle?platform=web&dev=true&hot=false&lazy=true&transform.engine=hermes&transform.routerRoot=app&unstable_transformProfile=hermes-stable:95577:32)
    at onClick (http://localhost:8083/node_modules/expo-router/entry.bundle?platform=web&dev=true&hot=false&lazy=true&transform.engine=hermes&transform.routerRoot=app&unstable_transformProfile=hermes-stable:45192:15)
    at executeDispatch (http://localhost:8083/node_modules/expo-router/entry.bundle?platform=web&dev=true&hot=false&lazy=true&transform.engine=hermes&transform.routerRoot=app&unstable_transformProfile=hermes-stable:21297:9)
    at runWithFiberInDEV (http://localhost:8083/node_modules/expo-router/entry.bundle?platform=web&dev=true&hot=false&lazy=true&transform.engine=hermes&transform.routerRoot=app&unstable_transformProfile=hermes-stable:12650:70)
    at processDispatchQueue (http://localhost:8083/node_modules/expo-router/entry.bundle?platform=web&dev=true&hot=false&lazy=true&transform.engine=hermes&transform.routerRoot=app&unstable_transformProfile=hermes-stable:21325:33)
    at http://localhost:8083/node_modules/expo-router/entry.bundle?platform=web&dev=true&hot=false&lazy=true&transform.engine=hermes&transform.routerRoot=app&unstable_transformProfile=hermes-stable:21622:9
    at batchedUpdates$1 (http://localhost:8083/node_modules/expo-router/entry.bundle?platform=web&dev=true&hot=false&lazy=true&transform.engine=hermes&transform.routerRoot=app&unstable_transformProfile=hermes-stable:13940:40)
    at dispatchEventForPluginEventSystem (http://localhost:8083/node_modules/expo-router/entry.bundle?platform=web&dev=true&hot=false&lazy=true&transform.engine=hermes&transform.routerRoot=app&unstable_transformProfile=hermes-stable:21401:7)
    at dispatchEvent (http://localhost:8083/node_modules/expo-router/entry.bundle?platform=web&dev=true&hot=false&lazy=true&transform.engine=hermes&transform.routerRoot=app&unstable_transformProfile=hermes-stable:23599:33)
    at dispatchDiscreteEvent (http://localhost:8083/node_modules/expo-router/entry.bundle?platform=web&dev=true&hot=false&lazy=true&transform.engine=hermes&transform.routerRoot=app&unstable_transformProfile=hermes-stable:23581:60) @ http://localhost:8083/node_modules/expo-router/entry.bundle?platform=web&dev=true&hot=false&lazy=true&transform.engine=hermes&transform.routerRoot=app&unstable_transformProfile=hermes-stable:98688
[  114155ms] [ERROR] Access to fetch at 'https://api.allorigins.win/raw?url=https%3A%2F%2Fwww.gutenberg.org%2Fcache%2Fepub%2F132%2Fpg132.txt' from origin 'http://localhost:8083' has been blocked by CORS policy: No 'Access-Control-Allow-Origin' header is present on the requested resource. @ http://localhost:8083/:0
[  114155ms] [ERROR] Failed to load resource: net::ERR_FAILED @ https://api.allorigins.win/raw?url=https%3A%2F%2Fwww.gutenberg.org%2Fcache%2Fepub%2F132%2Fpg132.txt:0
[  114156ms] [WARNING] Failed to load free book TypeError: Failed to fetch
    at handleFreeBook (http://localhost:8083/app/(tabs)/index.bundle//&platform=web&dev=true&hot=false&lazy=true&transform.engine=hermes&transform.routerRoot=app&unstable_transformProfile=hermes-stable&minify=false&modulesOnly=true&runModule=false&shallow=true:126:32)
    at onPress (http://localhost:8083/app/(tabs)/index.bundle//&platform=web&dev=true&hot=false&lazy=true&transform.engine=hermes&transform.routerRoot=app&unstable_transformProfile=hermes-stable&minify=false&modulesOnly=true&runModule=false&shallow=true:404:32)
    at onClick (http://localhost:8083/node_modules/expo-router/entry.bundle?platform=web&dev=true&hot=false&lazy=true&transform.engine=hermes&transform.routerRoot=app&unstable_transformProfile=hermes-stable:45192:15)
    at executeDispatch (http://localhost:8083/node_modules/expo-router/entry.bundle?platform=web&dev=true&hot=false&lazy=true&transform.engine=hermes&transform.routerRoot=app&unstable_transformProfile=hermes-stable:21297:9)
    at runWithFiberInDEV (http://localhost:8083/node_modules/expo-router/entry.bundle?platform=web&dev=true&hot=false&lazy=true&transform.engine=hermes&transform.routerRoot=app&unstable_transformProfile=hermes-stable:12650:70)
    at processDispatchQueue (http://localhost:8083/node_modules/expo-router/entry.bundle?platform=web&dev=true&hot=false&lazy=true&transform.engine=hermes&transform.routerRoot=app&unstable_transformProfile=hermes-stable:21325:33)
    at http://localhost:8083/node_modules/expo-router/entry.bundle?platform=web&dev=true&hot=false&lazy=true&transform.engine=hermes&transform.routerRoot=app&unstable_transformProfile=hermes-stable:21622:9
    at batchedUpdates$1 (http://localhost:8083/node_modules/expo-router/entry.bundle?platform=web&dev=true&hot=false&lazy=true&transform.engine=hermes&transform.routerRoot=app&unstable_transformProfile=hermes-stable:13940:40)
    at dispatchEventForPluginEventSystem (http://localhost:8083/node_modules/expo-router/entry.bundle?platform=web&dev=true&hot=false&lazy=true&transform.engine=hermes&transform.routerRoot=app&unstable_transformProfile=hermes-stable:21401:7)
    at dispatchEvent (http://localhost:8083/node_modules/expo-router/entry.bundle?platform=web&dev=true&hot=false&lazy=true&transform.engine=hermes&transform.routerRoot=app&unstable_transformProfile=hermes-stable:23599:33)
    at dispatchDiscreteEvent (http://localhost:8083/node_modules/expo-router/entry.bundle?platform=web&dev=true&hot=false&lazy=true&transform.engine=hermes&transform.routerRoot=app&unstable_transformProfile=hermes-stable:23581:60) @ http://localhost:8083/node_modules/expo-router/entry.bundle?platform=web&dev=true&hot=false&lazy=true&transform.engine=hermes&transform.routerRoot=app&unstable_transformProfile=hermes-stable:98688
